<?xml version="1.0" encoding="UTF-8"?>
<!-- Generated by org.testng.reporters.JUnitReportReporter -->
<testsuite hostname="manu" failures="0" tests="1" name="org.restassuredpoc.base.APIBase" time="0.009" errors="0" timestamp="2021-05-21T04:55:30 EDT" skipped="0">
  <testcase classname="org.restassuredpoc.base.APIBase" name="tset123" time="0.009"/>
  <system-out/>
</testsuite> <!-- org.restassuredpoc.base.APIBase -->
